  window.cpp
c:\users\mikakau\source\repos\android-proju3\myengine\window.h(5): fatal error C1083: Cannot open include file: 'GL\glew.h': No such file or directory
  vertexarray.cpp
c:\users\mikakau\source\repos\android-proju3\myengine\vertexarray.h(4): fatal error C1083: Cannot open include file: 'GL\glew.h': No such file or directory
  static_sprite.cpp
c:\users\mikakau\source\repos\android-proju3\myengine\maths.h(17): warning C4244: 'return': conversion from 'double' to 'float', possible loss of data
c:\users\mikakau\source\repos\android-proju3\myengine\buffer.h(3): fatal error C1083: Cannot open include file: 'GL\glew.h': No such file or directory
  sprite.cpp
c:\users\mikakau\source\repos\android-proju3\myengine\maths.h(17): warning C4244: 'return': conversion from 'double' to 'float', possible loss of data
c:\users\mikakau\source\repos\android-proju3\myengine\buffer.h(3): fatal error C1083: Cannot open include file: 'GL\glew.h': No such file or directory
  simple2drenderer.cpp
c:\users\mikakau\source\repos\android-proju3\myengine\maths.h(17): warning C4244: 'return': conversion from 'double' to 'float', possible loss of data
c:\users\mikakau\source\repos\android-proju3\myengine\buffer.h(3): fatal error C1083: Cannot open include file: 'GL\glew.h': No such file or directory
  main.cpp
c:\users\mikakau\source\repos\android-proju3\myengine\window.h(5): fatal error C1083: Cannot open include file: 'GL\glew.h': No such file or directory
  indexbuffer.cpp
c:\users\mikakau\source\repos\android-proju3\myengine\indexbuffer.h(3): fatal error C1083: Cannot open include file: 'GL\glew.h': No such file or directory
  buffer.cpp
c:\users\mikakau\source\repos\android-proju3\myengine\buffer.h(3): fatal error C1083: Cannot open include file: 'GL\glew.h': No such file or directory
  Shader.cpp
c:\users\mikakau\source\repos\android-proju3\myengine\fileutils.h(6): fatal error C1083: Cannot open include file: 'stb_image.h': No such file or directory
  FileUtils.cpp
c:\users\mikakau\source\repos\android-proju3\myengine\fileutils.h(6): fatal error C1083: Cannot open include file: 'stb_image.h': No such file or directory
  BatchRenderer2D.cpp
c:\users\mikakau\source\repos\android-proju3\myengine\renderer2d.h(3): fatal error C1083: Cannot open include file: 'GL\glew.h': No such file or directory
  Generating Code...
