c:\users\loyalist\source\repos\android_proju2\dependencies\libvorbis\bin\intermediates\libvorbis.pdb
c:\users\loyalist\source\repos\android_proju2\dependencies\libvorbis\bin\intermediates\libvorbis.idb
c:\users\loyalist\source\repos\android_proju2\dependencies\libvorbis\bin\intermediates\codebook.obj
c:\users\loyalist\source\repos\android_proju2\dependencies\libvorbis\bin\intermediates\envelope.obj
c:\users\loyalist\source\repos\android_proju2\dependencies\libvorbis\bin\intermediates\floor0.obj
c:\users\loyalist\source\repos\android_proju2\dependencies\libvorbis\bin\intermediates\floor1.obj
c:\users\loyalist\source\repos\android_proju2\dependencies\libvorbis\bin\intermediates\info.obj
c:\users\loyalist\source\repos\android_proju2\dependencies\libvorbis\bin\intermediates\lookup.obj
c:\users\loyalist\source\repos\android_proju2\dependencies\libvorbis\bin\intermediates\lpc.obj
c:\users\loyalist\source\repos\android_proju2\dependencies\libvorbis\bin\intermediates\lsp.obj
c:\users\loyalist\source\repos\android_proju2\dependencies\libvorbis\bin\intermediates\mapping0.obj
c:\users\loyalist\source\repos\android_proju2\dependencies\libvorbis\bin\intermediates\mdct.obj
c:\users\loyalist\source\repos\android_proju2\dependencies\libvorbis\bin\intermediates\psy.obj
c:\users\loyalist\source\repos\android_proju2\dependencies\libvorbis\bin\intermediates\registry.obj
c:\users\loyalist\source\repos\android_proju2\dependencies\libvorbis\bin\intermediates\res0.obj
c:\users\loyalist\source\repos\android_proju2\dependencies\libvorbis\bin\intermediates\sharedbook.obj
c:\users\loyalist\source\repos\android_proju2\dependencies\libvorbis\bin\intermediates\smallft.obj
c:\users\loyalist\source\repos\android_proju2\dependencies\libvorbis\bin\intermediates\synthesis.obj
c:\users\loyalist\source\repos\android_proju2\dependencies\libvorbis\bin\intermediates\tone.obj
c:\users\loyalist\source\repos\android_proju2\dependencies\libvorbis\bin\intermediates\vorbisenc.obj
c:\users\loyalist\source\repos\android_proju2\dependencies\libvorbis\bin\intermediates\vorbisfile.obj
c:\users\loyalist\source\repos\android_proju2\dependencies\libvorbis\bin\intermediates\window.obj
c:\users\loyalist\source\repos\android_proju2\dependencies\libvorbis\bin\intermediates\analysis.obj
c:\users\loyalist\source\repos\android_proju2\dependencies\libvorbis\bin\intermediates\bitrate.obj
c:\users\loyalist\source\repos\android_proju2\dependencies\libvorbis\bin\intermediates\block.obj
e:\codes\android-proju\dependencies\libvorbis\bin\intermediates\libvorbis.pdb
e:\codes\android-proju\dependencies\libvorbis\bin\intermediates\libvorbis.idb
e:\codes\android-proju\dependencies\libvorbis\bin\intermediates\codebook.obj
e:\codes\android-proju\dependencies\libvorbis\bin\intermediates\envelope.obj
e:\codes\android-proju\dependencies\libvorbis\bin\intermediates\floor0.obj
e:\codes\android-proju\dependencies\libvorbis\bin\intermediates\floor1.obj
e:\codes\android-proju\dependencies\libvorbis\bin\intermediates\info.obj
e:\codes\android-proju\dependencies\libvorbis\bin\intermediates\lookup.obj
e:\codes\android-proju\dependencies\libvorbis\bin\intermediates\lpc.obj
e:\codes\android-proju\dependencies\libvorbis\bin\intermediates\lsp.obj
e:\codes\android-proju\dependencies\libvorbis\bin\intermediates\mapping0.obj
e:\codes\android-proju\dependencies\libvorbis\bin\intermediates\mdct.obj
e:\codes\android-proju\dependencies\libvorbis\bin\intermediates\psy.obj
e:\codes\android-proju\dependencies\libvorbis\bin\intermediates\registry.obj
e:\codes\android-proju\dependencies\libvorbis\bin\intermediates\res0.obj
e:\codes\android-proju\dependencies\libvorbis\bin\intermediates\sharedbook.obj
e:\codes\android-proju\dependencies\libvorbis\bin\intermediates\smallft.obj
e:\codes\android-proju\dependencies\libvorbis\bin\intermediates\synthesis.obj
e:\codes\android-proju\dependencies\libvorbis\bin\intermediates\tone.obj
e:\codes\android-proju\dependencies\libvorbis\bin\intermediates\vorbisenc.obj
e:\codes\android-proju\dependencies\libvorbis\bin\intermediates\vorbisfile.obj
e:\codes\android-proju\dependencies\libvorbis\bin\intermediates\window.obj
e:\codes\android-proju\dependencies\libvorbis\bin\intermediates\analysis.obj
e:\codes\android-proju\dependencies\libvorbis\bin\intermediates\bitrate.obj
e:\codes\android-proju\dependencies\libvorbis\bin\intermediates\block.obj
c:\users\loyalist\source\repos\android_proju2\dependencies\libvorbis\bin\libvorbis.lib
e:\codes\android-proju\dependencies\libvorbis\bin\libvorbis.lib
e:\codes\android-proju\dependencies\libvorbis\bin\intermediates\barkmel.obj
e:\codes\android-proju\dependencies\libvorbis\bin\intermediates\nativecodeanalysis.read.1.tlog
e:\codes\android-proju\dependencies\libvorbis\bin\intermediates\analysis.nativecodeanalysis.xml
e:\codes\android-proju\dependencies\libvorbis\bin\intermediates\barkmel.nativecodeanalysis.xml
e:\codes\android-proju\dependencies\libvorbis\bin\intermediates\bitrate.nativecodeanalysis.xml
e:\codes\android-proju\dependencies\libvorbis\bin\intermediates\block.nativecodeanalysis.xml
e:\codes\android-proju\dependencies\libvorbis\bin\intermediates\codebook.nativecodeanalysis.xml
e:\codes\android-proju\dependencies\libvorbis\bin\intermediates\envelope.nativecodeanalysis.xml
e:\codes\android-proju\dependencies\libvorbis\bin\intermediates\floor0.nativecodeanalysis.xml
e:\codes\android-proju\dependencies\libvorbis\bin\intermediates\floor1.nativecodeanalysis.xml
e:\codes\android-proju\dependencies\libvorbis\bin\intermediates\info.nativecodeanalysis.xml
e:\codes\android-proju\dependencies\libvorbis\bin\intermediates\lookup.nativecodeanalysis.xml
e:\codes\android-proju\dependencies\libvorbis\bin\intermediates\lpc.nativecodeanalysis.xml
e:\codes\android-proju\dependencies\libvorbis\bin\intermediates\lsp.nativecodeanalysis.xml
e:\codes\android-proju\dependencies\libvorbis\bin\intermediates\mapping0.nativecodeanalysis.xml
e:\codes\android-proju\dependencies\libvorbis\bin\intermediates\mdct.nativecodeanalysis.xml
e:\codes\android-proju\dependencies\libvorbis\bin\intermediates\psy.nativecodeanalysis.xml
e:\codes\android-proju\dependencies\libvorbis\bin\intermediates\registry.nativecodeanalysis.xml
e:\codes\android-proju\dependencies\libvorbis\bin\intermediates\res0.nativecodeanalysis.xml
e:\codes\android-proju\dependencies\libvorbis\bin\intermediates\sharedbook.nativecodeanalysis.xml
e:\codes\android-proju\dependencies\libvorbis\bin\intermediates\smallft.nativecodeanalysis.xml
e:\codes\android-proju\dependencies\libvorbis\bin\intermediates\synthesis.nativecodeanalysis.xml
e:\codes\android-proju\dependencies\libvorbis\bin\intermediates\tone.nativecodeanalysis.xml
e:\codes\android-proju\dependencies\libvorbis\bin\intermediates\vc.nativecodeanalysis.all.xml
e:\codes\android-proju\dependencies\libvorbis\bin\intermediates\vorbisenc.nativecodeanalysis.xml
e:\codes\android-proju\dependencies\libvorbis\bin\intermediates\vorbisfile.nativecodeanalysis.xml
e:\codes\android-proju\dependencies\libvorbis\bin\intermediates\window.nativecodeanalysis.xml
e:\codes\android-proju\dependencies\libvorbis\bin\libvorbis.pdb
e:\codes\android-proju\dependencies\libvorbis\bin\libvorbis.lib.lastcodeanalysissucceeded
e:\codes\android-proju\dependencies\libvorbis\bin\intermediates\libvorbis.tlog\cl.command.1.tlog
e:\codes\android-proju\dependencies\libvorbis\bin\intermediates\libvorbis.tlog\cl.read.1.tlog
e:\codes\android-proju\dependencies\libvorbis\bin\intermediates\libvorbis.tlog\cl.write.1.tlog
e:\codes\android-proju\dependencies\libvorbis\bin\intermediates\libvorbis.tlog\lib-link.read.1.tlog
e:\codes\android-proju\dependencies\libvorbis\bin\intermediates\libvorbis.tlog\lib-link.write.1.tlog
e:\codes\android-proju\dependencies\libvorbis\bin\intermediates\libvorbis.tlog\lib.command.1.tlog
