c:\users\loyalist\source\repos\android_proju2\dependencies\libogg\bin\intermediates\libogg.pdb
c:\users\loyalist\source\repos\android_proju2\dependencies\libogg\bin\intermediates\libogg.idb
c:\users\loyalist\source\repos\android_proju2\dependencies\libogg\bin\intermediates\bitwise.obj
c:\users\loyalist\source\repos\android_proju2\dependencies\libogg\bin\intermediates\framing.obj
e:\codes\android-proju\dependencies\libogg\bin\intermediates\libogg.pdb
e:\codes\android-proju\dependencies\libogg\bin\intermediates\libogg.idb
e:\codes\android-proju\dependencies\libogg\bin\intermediates\bitwise.obj
e:\codes\android-proju\dependencies\libogg\bin\intermediates\framing.obj
c:\users\loyalist\source\repos\android_proju2\dependencies\libogg\bin\libogg.lib
e:\codes\android-proju\dependencies\libogg\bin\libogg.lib
e:\codes\android-proju\dependencies\libogg\bin\intermediates\nativecodeanalysis.read.1.tlog
e:\codes\android-proju\dependencies\libogg\bin\intermediates\bitwise.nativecodeanalysis.xml
e:\codes\android-proju\dependencies\libogg\bin\intermediates\framing.nativecodeanalysis.xml
e:\codes\android-proju\dependencies\libogg\bin\intermediates\vc.nativecodeanalysis.all.xml
e:\codes\android-proju\dependencies\libogg\bin\libogg.pdb
e:\codes\android-proju\dependencies\libogg\bin\libogg.lib.lastcodeanalysissucceeded
e:\codes\android-proju\dependencies\libogg\bin\intermediates\libogg.tlog\cl.command.1.tlog
e:\codes\android-proju\dependencies\libogg\bin\intermediates\libogg.tlog\cl.read.1.tlog
e:\codes\android-proju\dependencies\libogg\bin\intermediates\libogg.tlog\cl.write.1.tlog
e:\codes\android-proju\dependencies\libogg\bin\intermediates\libogg.tlog\lib-link.read.1.tlog
e:\codes\android-proju\dependencies\libogg\bin\intermediates\libogg.tlog\lib-link.write.1.tlog
e:\codes\android-proju\dependencies\libogg\bin\intermediates\libogg.tlog\lib.command.1.tlog
