  BatchRenderer2D.cpp
c:\users\joonaoik\documents\github\android-proju\myengine\Maths.h(17): warning C4244: 'return': conversion from 'double' to 'float', possible loss of data
  buffer.cpp
  indexbuffer.cpp
  main.cpp
C:\Program Files (x86)\Windows Kits\10\Include\10.0.15063.0\shared\minwindef.h(130): warning C4005: 'APIENTRY': macro redefinition
  C:\Users\joonaoik\Documents\GitHub\Android-Proju\Dependencies\GLFW\include\GLFW\glfw3.h(98): note: see previous definition of 'APIENTRY'
c:\users\joonaoik\documents\github\android-proju\myengine\Maths.h(17): warning C4244: 'return': conversion from 'double' to 'float', possible loss of data
c:\users\joonaoik\documents\github\android-proju\myengine\MikaTestijuttuja.h(74): warning C4244: 'initializing': conversion from 'double' to 'float', possible loss of data
c:\users\joonaoik\documents\github\android-proju\myengine\MikaTestijuttuja.h(76): warning C4244: 'initializing': conversion from 'double' to 'float', possible loss of data
c:\users\joonaoik\documents\github\android-proju\myengine\MikaTestijuttuja.h(82): warning C4244: 'initializing': conversion from 'double' to 'float', possible loss of data
c:\users\joonaoik\documents\github\android-proju\myengine\MikaTestijuttuja.h(88): warning C4244: 'initializing': conversion from 'double' to 'float', possible loss of data
c:\users\joonaoik\documents\github\android-proju\myengine\MikaTestijuttuja.h(95): warning C4244: '=': conversion from 'double' to 'float', possible loss of data
c:\users\joonaoik\documents\github\android-proju\myengine\MikaTestijuttuja.h(101): warning C4244: '=': conversion from 'double' to 'float', possible loss of data
c:\users\joonaoik\documents\github\android-proju\myengine\MikaTestijuttuja.h(113): warning C4244: '-=': conversion from 'double' to 'float', possible loss of data
c:\users\joonaoik\documents\github\android-proju\myengine\MikaTestijuttuja.h(116): warning C4244: '+=': conversion from 'double' to 'float', possible loss of data
c:\users\joonaoik\documents\github\android-proju\myengine\MikaTestijuttuja.h(119): warning C4244: '+=': conversion from 'double' to 'float', possible loss of data
c:\users\joonaoik\documents\github\android-proju\myengine\MikaTestijuttuja.h(122): warning C4244: '-=': conversion from 'double' to 'float', possible loss of data
main.cpp(111): warning C4244: 'argument': conversion from 'time_t' to 'unsigned int', possible loss of data
main.cpp(154): warning C4018: '<': signed/unsigned mismatch
  mat4.cpp
c:\users\joonaoik\documents\github\android-proju\myengine\Maths.h(17): warning C4244: 'return': conversion from 'double' to 'float', possible loss of data
  simple2drenderer.cpp
c:\users\joonaoik\documents\github\android-proju\myengine\Maths.h(17): warning C4244: 'return': conversion from 'double' to 'float', possible loss of data
  Shader.cpp
c:\users\joonaoik\documents\github\android-proju\myengine\Maths.h(17): warning C4244: 'return': conversion from 'double' to 'float', possible loss of data
  sprite.cpp
c:\users\joonaoik\documents\github\android-proju\myengine\Maths.h(17): warning C4244: 'return': conversion from 'double' to 'float', possible loss of data
  static_sprite.cpp
c:\users\joonaoik\documents\github\android-proju\myengine\Maths.h(17): warning C4244: 'return': conversion from 'double' to 'float', possible loss of data
  vec2.cpp
  vec3.cpp
  vec4.cpp
  vertexarray.cpp
vertexarray.cpp(14): warning C4018: '<': signed/unsigned mismatch
  window.cpp
LINK : warning LNK4098: defaultlib 'LIBCMT' conflicts with use of other libs; use /NODEFAULTLIB:library
  Generating code
  All 275 functions were compiled because no usable IPDB/IOBJ from previous compilation was found.
  Finished generating code
glew32s.lib(glew.obj) : warning LNK4099: PDB 'vc120.pdb' was not found with 'glew32s.lib(glew.obj)' or at 'C:\Users\joonaoik\Documents\GitHub\Android-Proju\bin\Release\vc120.pdb'; linking object as if no debug info
  MyEngine.vcxproj -> C:\Users\joonaoik\Documents\GitHub\Android-Proju\bin\Release\MyEngine.exe
