c:\users\tervepaterve\documents\github\android-proju\android\lib\tegra-android\libnsfoundationd.a
c:\users\tervepaterve\documents\github\android-proju\android\build\intermediate\nsfoundation\tegra-android\debug\nsallocator.o
c:\users\tervepaterve\documents\github\android-proju\android\build\intermediate\nsfoundation\tegra-android\debug\nsassert.o
c:\users\tervepaterve\documents\github\android-proju\android\build\intermediate\nsfoundation\tegra-android\debug\nsglobals.o
c:\users\tervepaterve\documents\github\android-proju\android\build\intermediate\nsfoundation\tegra-android\debug\nsheadertest.o
c:\users\tervepaterve\documents\github\android-proju\android\build\intermediate\nsfoundation\tegra-android\debug\nsstring.o
c:\users\tervepaterve\documents\github\android-proju\android\build\intermediate\nsfoundation\tegra-android\debug\nstempallocator.o
c:\users\tervepaterve\documents\github\android-proju\android\build\intermediate\nsfoundation\tegra-android\debug\nsunixatomic.o
c:\users\tervepaterve\documents\github\android-proju\android\build\intermediate\nsfoundation\tegra-android\debug\nsunixcpu.o
c:\users\tervepaterve\documents\github\android-proju\android\build\intermediate\nsfoundation\tegra-android\debug\nsunixfpu.o
c:\users\tervepaterve\documents\github\android-proju\android\build\intermediate\nsfoundation\tegra-android\debug\nsunixmutex.o
c:\users\tervepaterve\documents\github\android-proju\android\build\intermediate\nsfoundation\tegra-android\debug\nsunixprintstring.o
c:\users\tervepaterve\documents\github\android-proju\android\build\intermediate\nsfoundation\tegra-android\debug\nsunixslist.o
c:\users\tervepaterve\documents\github\android-proju\android\build\intermediate\nsfoundation\tegra-android\debug\nsunixsocket.o
c:\users\tervepaterve\documents\github\android-proju\android\build\intermediate\nsfoundation\tegra-android\debug\nsunixsync.o
c:\users\tervepaterve\documents\github\android-proju\android\build\intermediate\nsfoundation\tegra-android\debug\nsunixthread.o
c:\users\tervepaterve\documents\github\android-proju\android\build\intermediate\nsfoundation\tegra-android\debug\nsunixtime.o
c:\users\tervepaterve\documents\github\android-proju\android\build\intermediate\nsfoundation\tegra-android\debug\cpu-features.o
c:\users\tervepaterve\documents\github\android-proju\android\build\../lib/tegra-android\libnsfoundationd.a
c:\users\tervepaterve\documents\github\android-proju\android\build\intermediate\nsfoundation\tegra-android\debug\nsfoundation.tlog\arm-linux-androideabi-ar.command.1.tlog
c:\users\tervepaterve\documents\github\android-proju\android\build\intermediate\nsfoundation\tegra-android\debug\nsfoundation.tlog\arm-linux-androideabi-ar.read.1.tlog
c:\users\tervepaterve\documents\github\android-proju\android\build\intermediate\nsfoundation\tegra-android\debug\nsfoundation.tlog\arm-linux-androideabi-ar.write.1.tlog
c:\users\tervepaterve\documents\github\android-proju\android\build\intermediate\nsfoundation\tegra-android\debug\nsfoundation.tlog\arm-linux-androideabi-g++.compile.command.1.tlog
c:\users\tervepaterve\documents\github\android-proju\android\build\intermediate\nsfoundation\tegra-android\debug\nsfoundation.tlog\arm-linux-androideabi-g++.compile.read.1.tlog
c:\users\tervepaterve\documents\github\android-proju\android\build\intermediate\nsfoundation\tegra-android\debug\nsfoundation.tlog\arm-linux-androideabi-g++.compile.write.1.tlog
