  NsAllocator.cpp
  NsString.cpp
  NsUnixFPU.cpp
  NsUnixSocket.cpp
  NsTempAllocator.cpp
  NsAssert.cpp
  C:\Users\tervepaterve\Documents\GitHub\Android-Proju\android\include\NsFoundation\unix\NsUnixIntrinsics.h(35): includes this header: 0,
                   from C:/Users/tervepaterve/Documents/GitHub/Android-Proju/android/build/../include/NsFoundation/NsIntrinsics.h:38,
                   from C:/Users/tervepaterve/Documents/GitHub/Android-Proju/android/build/../include/NsFoundation/NsFPU.h:34,
  C:\Users\tervepaterve\Documents\GitHub\Android-Proju\android\build\from\src\NsFoundation\unix\NsUnixFPU.cpp(29): 
  C:\NVPACK\android-ndk-r12b\platforms\android-16\arch-arm\usr\include\math.h(24): 0: warning: "__pure2" redefined
   #define __pure2
   ^
  C:\NVPACK\android-ndk-r12b\platforms\android-16\arch-arm\usr\include\string.h(31): includes this header: 0,
                   from C:/Users/tervepaterve/Documents/GitHub/Android-Proju/android/build/../include/NvFoundation/Nv.h:40,
                   from C:/Users/tervepaterve/Documents/GitHub/Android-Proju/android/build/../include/NsFoundation/Ns.h:35,
                   from C:/Users/tervepaterve/Documents/GitHub/Android-Proju/android/build/../include/NsFoundation/NsFPU.h:33,
  C:\Users\tervepaterve\Documents\GitHub\Android-Proju\android\build\from\src\NsFoundation\unix\NsUnixFPU.cpp(29): 
  C:\NVPACK\android-ndk-r12b\platforms\android-16\arch-arm\usr\include\sys\cdefs.h(198): 0: note: this is the location of the previous definition
   #define __pure2 __attribute__((__const__)) /* Android-added: used by FreeBSD libm */
   ^
  NsUnixMutex.cpp
  NsUnixSync.cpp
  NsUnixAtomic.cpp
  NsGlobals.cpp
  NsUnixPrintString.cpp
  NsUnixCpu.cpp
  NsUnixThread.cpp
  NsUnixSList.cpp
  NsHeaderTest.cpp
  NsUnixTime.cpp
  cpu-features.c
  C:\Users\tervepaterve\Documents\GitHub\Android-Proju\android\src\NsFoundation\unix\NsUnixThread.cpp(36): includes this header: 0:
  C:\NVPACK\android-ndk-r12b\platforms\android-16\arch-arm\usr\include\math.h(24): 0: warning: "__pure2" redefined
   #define __pure2
   ^
  C:\NVPACK\android-ndk-r12b\platforms\android-16\arch-arm\usr\include\string.h(31): includes this header: 0,
                   from C:/Users/tervepaterve/Documents/GitHub/Android-Proju/android/build/../include/NvFoundation/Nv.h:40,
                   from C:/Users/tervepaterve/Documents/GitHub/Android-Proju/android/build/../include/NsFoundation/Ns.h:35,
  C:\Users\tervepaterve\Documents\GitHub\Android-Proju\android\build\from\src\NsFoundation\unix\NsUnixThread.cpp(30): 
  C:\NVPACK\android-ndk-r12b\platforms\android-16\arch-arm\usr\include\sys\cdefs.h(198): 0: note: this is the location of the previous definition
   #define __pure2 __attribute__((__const__)) /* Android-added: used by FreeBSD libm */
   ^
  C:\Users\tervepaterve\Documents\GitHub\Android-Proju\android\include\NvFoundation\NvMath.h(43): includes this header: 0,
                   from C:/Users/tervepaterve/Documents/GitHub/Android-Proju/android/build/../include/NvFoundation/NvVec3.h:37,
                   from C:/Users/tervepaterve/Documents/GitHub/Android-Proju/android/build/../include/NvFoundation/NvMat33.h:36,
  C:\Users\tervepaterve\Documents\GitHub\Android-Proju\android\build\from\src\NsFoundation\NsHeaderTest.cpp(30): 
  C:\NVPACK\android-ndk-r12b\platforms\android-16\arch-arm\usr\include\math.h(24): 0: warning: "__pure2" redefined
   #define __pure2
   ^
  C:\NVPACK\android-ndk-r12b\platforms\android-16\arch-arm\usr\include\math.h(20): includes this header: 0,
                   from C:/Users/tervepaterve/Documents/GitHub/Android-Proju/android/build/../include/NvFoundation/NvMath.h:43,
                   from C:/Users/tervepaterve/Documents/GitHub/Android-Proju/android/build/../include/NvFoundation/NvVec3.h:37,
                   from C:/Users/tervepaterve/Documents/GitHub/Android-Proju/android/build/../include/NvFoundation/NvMat33.h:36,
  C:\Users\tervepaterve\Documents\GitHub\Android-Proju\android\build\from\src\NsFoundation\NsHeaderTest.cpp(30): 
  C:\NVPACK\android-ndk-r12b\platforms\android-16\arch-arm\usr\include\sys\cdefs.h(198): 0: note: this is the location of the previous definition
   #define __pure2 __attribute__((__const__)) /* Android-added: used by FreeBSD libm */
   ^
  NsFoundation.vcxproj -> C:\Users\tervepaterve\Documents\GitHub\Android-Proju\android\build\../lib/Tegra-Android\libNsFoundationD.a
