c:\users\tervepaterve\documents\github\android-proju\android\lib\tegra-android\libnvglutilsd.a
c:\users\tervepaterve\documents\github\android-proju\android\build\intermediate\nvglutils\tegra-android\debug\nvbitfontgl.o
c:\users\tervepaterve\documents\github\android-proju\android\build\intermediate\nvglutils\tegra-android\debug\nvglslprogram.o
c:\users\tervepaterve\documents\github\android-proju\android\build\intermediate\nvglutils\tegra-android\debug\nvimagegl.o
c:\users\tervepaterve\documents\github\android-proju\android\build\intermediate\nvglutils\tegra-android\debug\nvlogsgl.o
c:\users\tervepaterve\documents\github\android-proju\android\build\intermediate\nvglutils\tegra-android\debug\nvmaterialgl.o
c:\users\tervepaterve\documents\github\android-proju\android\build\intermediate\nvglutils\tegra-android\debug\nvmeshextgl.o
c:\users\tervepaterve\documents\github\android-proju\android\build\intermediate\nvglutils\tegra-android\debug\nvmodelextgl.o
c:\users\tervepaterve\documents\github\android-proju\android\build\intermediate\nvglutils\tegra-android\debug\nvmodelgl.o
c:\users\tervepaterve\documents\github\android-proju\android\build\intermediate\nvglutils\tegra-android\debug\nvshapesgl.o
c:\users\tervepaterve\documents\github\android-proju\android\build\intermediate\nvglutils\tegra-android\debug\nvtimers.o
c:\users\tervepaterve\documents\github\android-proju\android\build\intermediate\nvglutils\tegra-android\debug\nvuigl.o
c:\users\tervepaterve\documents\github\android-proju\android\build\intermediate\nvglutils\tegra-android\debug\nvuigraphicframegl.o
c:\users\tervepaterve\documents\github\android-proju\android\build\intermediate\nvglutils\tegra-android\debug\nvuigraphicgl.o
c:\users\tervepaterve\documents\github\android-proju\android\build\intermediate\nvglutils\tegra-android\debug\nvuishadersgl.o
c:\users\tervepaterve\documents\github\android-proju\android\build\intermediate\nvglutils\tegra-android\debug\nvuitexturerendergl.o
c:\users\tervepaterve\documents\github\android-proju\android\build\../lib/tegra-android\libnvglutilsd.a
c:\users\tervepaterve\documents\github\android-proju\android\build\intermediate\nvglutils\tegra-android\debug\nvglutils.tlog\arm-linux-androideabi-ar.command.1.tlog
c:\users\tervepaterve\documents\github\android-proju\android\build\intermediate\nvglutils\tegra-android\debug\nvglutils.tlog\arm-linux-androideabi-ar.read.1.tlog
c:\users\tervepaterve\documents\github\android-proju\android\build\intermediate\nvglutils\tegra-android\debug\nvglutils.tlog\arm-linux-androideabi-ar.write.1.tlog
c:\users\tervepaterve\documents\github\android-proju\android\build\intermediate\nvglutils\tegra-android\debug\nvglutils.tlog\arm-linux-androideabi-g++.compile.command.1.tlog
c:\users\tervepaterve\documents\github\android-proju\android\build\intermediate\nvglutils\tegra-android\debug\nvglutils.tlog\arm-linux-androideabi-g++.compile.read.1.tlog
c:\users\tervepaterve\documents\github\android-proju\android\build\intermediate\nvglutils\tegra-android\debug\nvglutils.tlog\arm-linux-androideabi-g++.compile.write.1.tlog
