c:\users\tervepaterve\documents\github\android-proju\android\lib\tegra-android\libnvuid.a
c:\users\tervepaterve\documents\github\android-proju\android\build\intermediate\nvui\tegra-android\debug\nvbitfont.o
c:\users\tervepaterve\documents\github\android-proju\android\build\intermediate\nvui\tegra-android\debug\nvembeddedasset.o
c:\users\tervepaterve\documents\github\android-proju\android\build\intermediate\nvui\tegra-android\debug\nvgesturedetector.o
c:\users\tervepaterve\documents\github\android-proju\android\build\intermediate\nvui\tegra-android\debug\nvtweakbar.o
c:\users\tervepaterve\documents\github\android-proju\android\build\intermediate\nvui\tegra-android\debug\nvtweakvar.o
c:\users\tervepaterve\documents\github\android-proju\android\build\intermediate\nvui\tegra-android\debug\nvui.o
c:\users\tervepaterve\documents\github\android-proju\android\build\intermediate\nvui\tegra-android\debug\nvuibutton.o
c:\users\tervepaterve\documents\github\android-proju\android\build\intermediate\nvui\tegra-android\debug\nvuicontainer.o
c:\users\tervepaterve\documents\github\android-proju\android\build\intermediate\nvui\tegra-android\debug\nvuigraphic.o
c:\users\tervepaterve\documents\github\android-proju\android\build\intermediate\nvui\tegra-android\debug\nvuigraphicframe.o
c:\users\tervepaterve\documents\github\android-proju\android\build\intermediate\nvui\tegra-android\debug\nvuipopup.o
c:\users\tervepaterve\documents\github\android-proju\android\build\intermediate\nvui\tegra-android\debug\nvuislider.o
c:\users\tervepaterve\documents\github\android-proju\android\build\intermediate\nvui\tegra-android\debug\nvuitext.o
c:\users\tervepaterve\documents\github\android-proju\android\build\intermediate\nvui\tegra-android\debug\nvuitexture.o
c:\users\tervepaterve\documents\github\android-proju\android\build\intermediate\nvui\tegra-android\debug\nvuivaluebar.o
c:\users\tervepaterve\documents\github\android-proju\android\build\intermediate\nvui\tegra-android\debug\nvuivaluetext.o
c:\users\tervepaterve\documents\github\android-proju\android\build\intermediate\nvui\tegra-android\debug\nvuiwindow.o
c:\users\tervepaterve\documents\github\android-proju\android\build\../lib/tegra-android\libnvuid.a
c:\users\tervepaterve\documents\github\android-proju\android\build\intermediate\nvui\tegra-android\debug\nvui.tlog\arm-linux-androideabi-ar.command.1.tlog
c:\users\tervepaterve\documents\github\android-proju\android\build\intermediate\nvui\tegra-android\debug\nvui.tlog\arm-linux-androideabi-ar.read.1.tlog
c:\users\tervepaterve\documents\github\android-proju\android\build\intermediate\nvui\tegra-android\debug\nvui.tlog\arm-linux-androideabi-ar.write.1.tlog
c:\users\tervepaterve\documents\github\android-proju\android\build\intermediate\nvui\tegra-android\debug\nvui.tlog\arm-linux-androideabi-g++.compile.command.1.tlog
c:\users\tervepaterve\documents\github\android-proju\android\build\intermediate\nvui\tegra-android\debug\nvui.tlog\arm-linux-androideabi-g++.compile.read.1.tlog
c:\users\tervepaterve\documents\github\android-proju\android\build\intermediate\nvui\tegra-android\debug\nvui.tlog\arm-linux-androideabi-g++.compile.write.1.tlog
