  floor0.c
  analysis.c
  mapping0.c
  smallft.c
  C:\Users\tervepaterve\Documents\GitHub\Android-Proju\Dependencies\libvorbis\lib\floor0.c(20): includes this header: 0:
  C:\NVPACK\android-ndk-r12b\platforms\android-9\arch-arm\usr\include\math.h(24): 0: warning: "__pure2" redefined
   #define __pure2
   ^
  C:\NVPACK\android-ndk-r12b\platforms\android-9\arch-arm\usr\include\stdlib.h(31): includes this header: 0,
  C:\Users\tervepaterve\Documents\GitHub\Android-Proju\Dependencies\libvorbis\from lib\floor0.c(18): 
  C:\NVPACK\android-ndk-r12b\platforms\android-9\arch-arm\usr\include\sys\cdefs.h(198): 0: note: this is the location of the previous definition
   #define __pure2 __attribute__((__const__)) /* Android-added: used by FreeBSD libm */
   ^
C:\Users\tervepaterve\Documents\GitHub\Android-Proju\Dependencies\libvorbis\lib\floor0.c(21,21): fatal error : ogg/ogg.h: No such file or directory
   #include <ogg/ogg.h>
                       ^
  compilation terminated.
  C:\Users\tervepaterve\Documents\GitHub\Android-Proju\Dependencies\libvorbis\lib\analysis.c(20): includes this header: 0:
  C:\NVPACK\android-ndk-r12b\platforms\android-9\arch-arm\usr\include\math.h(24): 0: warning: "__pure2" redefined
   #define __pure2
   ^
  C:\NVPACK\android-ndk-r12b\platforms\android-9\arch-arm\usr\include\stdio.h(49): includes this header: 0,
  C:\Users\tervepaterve\Documents\GitHub\Android-Proju\Dependencies\libvorbis\from lib\analysis.c(18): 
  C:\NVPACK\android-ndk-r12b\platforms\android-9\arch-arm\usr\include\sys\cdefs.h(198): 0: note: this is the location of the previous definition
   #define __pure2 __attribute__((__const__)) /* Android-added: used by FreeBSD libm */
   ^
C:\Users\tervepaterve\Documents\GitHub\Android-Proju\Dependencies\libvorbis\lib\analysis.c(21,21): fatal error : ogg/ogg.h: No such file or directory
   #include <ogg/ogg.h>
                       ^
  compilation terminated.
  C:\Users\tervepaterve\Documents\GitHub\Android-Proju\Dependencies\libvorbis\lib\mapping0.c(21): includes this header: 0:
  C:\NVPACK\android-ndk-r12b\platforms\android-9\arch-arm\usr\include\math.h(24): 0: warning: "__pure2" redefined
   #define __pure2
   ^
  C:\NVPACK\android-ndk-r12b\platforms\android-9\arch-arm\usr\include\stdlib.h(31): includes this header: 0,
  C:\Users\tervepaterve\Documents\GitHub\Android-Proju\Dependencies\libvorbis\from lib\mapping0.c(18): 
  C:\NVPACK\android-ndk-r12b\platforms\android-9\arch-arm\usr\include\sys\cdefs.h(198): 0: note: this is the location of the previous definition
   #define __pure2 __attribute__((__const__)) /* Android-added: used by FreeBSD libm */
   ^
C:\Users\tervepaterve\Documents\GitHub\Android-Proju\Dependencies\libvorbis\lib\mapping0.c(22,21): fatal error : ogg/ogg.h: No such file or directory
   #include <ogg/ogg.h>
                       ^
  compilation terminated.
  C:\Users\tervepaterve\Documents\GitHub\Android-Proju\Dependencies\libvorbis\lib\smallft.c(33): includes this header: 0:
  C:\NVPACK\android-ndk-r12b\platforms\android-9\arch-arm\usr\include\math.h(24): 0: warning: "__pure2" redefined
   #define __pure2
   ^
  C:\NVPACK\android-ndk-r12b\platforms\android-9\arch-arm\usr\include\stdlib.h(31): includes this header: 0,
  C:\Users\tervepaterve\Documents\GitHub\Android-Proju\Dependencies\libvorbis\from lib\smallft.c(31): 
  C:\NVPACK\android-ndk-r12b\platforms\android-9\arch-arm\usr\include\sys\cdefs.h(198): 0: note: this is the location of the previous definition
   #define __pure2 __attribute__((__const__)) /* Android-added: used by FreeBSD libm */
   ^
  C:\Users\tervepaterve\Documents\GitHub\Android-Proju\Dependencies\libvorbis\lib\smallft.c(34): includes this header: 0:
C:\Users\tervepaterve\Documents\GitHub\Android-Proju\Dependencies\libvorbis\lib\smallft.h(21,26): fatal error : vorbis/codec.h: No such file or directory
   #include "vorbis/codec.h"
                            ^
  compilation terminated.
