c:\users\mikakau\source\repos\android-proju5\build\win32\debug\engine.pdb
c:\users\mikakau\source\repos\android-proju5\build\win32\debug\engine.idb
c:\users\mikakau\source\repos\android-proju5\build\win32\debug\androidwindow.obj
c:\users\mikakau\source\repos\android-proju5\build\win32\debug\graphicsapplication.obj
c:\users\mikakau\source\repos\android-proju5\build\win32\debug\elapsedtimer.obj
c:\users\mikakau\source\repos\android-proju5\build\win32\debug\graphicssystem.obj
c:\users\mikakau\source\repos\android-proju5\build\win32\debug\object.obj
c:\users\mikakau\source\repos\android-proju5\build\win32\debug\ogl.obj
c:\users\mikakau\source\repos\android-proju5\build\win32\debug\oglgraphicssystem.obj
c:\users\mikakau\source\repos\android-proju5\build\win32\debug\win32window.obj
c:\users\mikakau\source\repos\android-proju5\build\win32\debug\window.obj
c:\users\mikakau\source\repos\android-proju5\build\win32\debug\mat4.obj
c:\users\mikakau\source\repos\android-proju5\build\win32\debug\vec2.obj
c:\users\mikakau\source\repos\android-proju5\build\win32\debug\vec3.obj
c:\users\mikakau\source\repos\android-proju5\build\win32\debug\vec4.obj
c:\users\mikakau\source\repos\android-proju5\build\win32\debug\engine.lib
c:\users\mikakau\source\repos\android-proju5\build\win32\debug\engine.tlog\cl.command.1.tlog
c:\users\mikakau\source\repos\android-proju5\build\win32\debug\engine.tlog\cl.read.1.tlog
c:\users\mikakau\source\repos\android-proju5\build\win32\debug\engine.tlog\cl.write.1.tlog
c:\users\mikakau\source\repos\android-proju5\build\win32\debug\engine.tlog\lib-link.read.1.tlog
c:\users\mikakau\source\repos\android-proju5\build\win32\debug\engine.tlog\lib-link.write.1.tlog
c:\users\mikakau\source\repos\android-proju5\build\win32\debug\engine.tlog\lib.command.1.tlog
