c:\users\tervepaterve\documents\github\android-proju\android\lib\tegra-android\libnvappbased.a
c:\users\tervepaterve\documents\github\android-proju\android\build\intermediate\nvappbase\tegra-android\debug\nvfoundationinit.o
c:\users\tervepaterve\documents\github\android-proju\android\build\intermediate\nvappbase\tegra-android\debug\nvinputhandler_camerafly.o
c:\users\tervepaterve\documents\github\android-proju\android\build\intermediate\nvappbase\tegra-android\debug\nvinputtransformer.o
c:\users\tervepaterve\documents\github\android-proju\android\build\intermediate\nvappbase\tegra-android\debug\nvandroidnativeappglue.o
c:\users\tervepaterve\documents\github\android-proju\android\build\intermediate\nvappbase\tegra-android\debug\nvandroidwinutil.o
c:\users\tervepaterve\documents\github\android-proju\android\build\intermediate\nvappbase\tegra-android\debug\nvappcontextgl.o
c:\users\tervepaterve\documents\github\android-proju\android\build\intermediate\nvappbase\tegra-android\debug\nvappbase.o
c:\users\tervepaterve\documents\github\android-proju\android\build\intermediate\nvappbase\tegra-android\debug\nvframeratecounter.o
c:\users\tervepaterve\documents\github\android-proju\android\build\intermediate\nvappbase\tegra-android\debug\nvsampleapp.o
c:\users\tervepaterve\documents\github\android-proju\android\build\intermediate\nvappbase\tegra-android\debug\engineandroid.o
c:\users\tervepaterve\documents\github\android-proju\android\build\intermediate\nvappbase\tegra-android\debug\mainandroid.o
c:\users\tervepaterve\documents\github\android-proju\android\build\intermediate\nvappbase\tegra-android\debug\nvthreadand.o
c:\users\tervepaterve\documents\github\android-proju\android\build\intermediate\nvappbase\tegra-android\debug\nvsampleappgl.o
c:\users\tervepaterve\documents\github\android-proju\android\build\../lib/tegra-android\libnvappbased.a
c:\users\tervepaterve\documents\github\android-proju\android\build\intermediate\nvappbase\tegra-android\debug\nvappbase.tlog\arm-linux-androideabi-ar.command.1.tlog
c:\users\tervepaterve\documents\github\android-proju\android\build\intermediate\nvappbase\tegra-android\debug\nvappbase.tlog\arm-linux-androideabi-ar.read.1.tlog
c:\users\tervepaterve\documents\github\android-proju\android\build\intermediate\nvappbase\tegra-android\debug\nvappbase.tlog\arm-linux-androideabi-ar.write.1.tlog
c:\users\tervepaterve\documents\github\android-proju\android\build\intermediate\nvappbase\tegra-android\debug\nvappbase.tlog\arm-linux-androideabi-g++.compile.command.1.tlog
c:\users\tervepaterve\documents\github\android-proju\android\build\intermediate\nvappbase\tegra-android\debug\nvappbase.tlog\arm-linux-androideabi-g++.compile.read.1.tlog
c:\users\tervepaterve\documents\github\android-proju\android\build\intermediate\nvappbase\tegra-android\debug\nvappbase.tlog\arm-linux-androideabi-g++.compile.write.1.tlog
