  NvAppBase.cpp
  NvInputHandler_CameraFly.cpp
  NvAndroidNativeAppGlue.c
  NvAndroidWinUtil.cpp
  NvThreadAnd.cpp
  NvFoundationInit.cpp
  C:\Users\tervepaterve\Documents\GitHub\Android-Proju\android\include\NV\NvMath.h(62): includes this header: 0,
                   from C:/Users/tervepaterve/Documents/GitHub/Android-Proju/android/build/../include/NvAppBase/NvInputHandler.h:41,
  NvAppContextGL.cpp
                   from C:/Users/tervepaterve/Documents/GitHub/Android-Proju/android/build/../include/NvAppBase/NvInputHandler_CameraFly.h:38,
  C:\Users\tervepaterve\Documents\GitHub\Android-Proju\android\build\from\src\NvAppBase\NvInputHandler_CameraFly.cpp(34): 
  C:\NVPACK\android-ndk-r12b\platforms\android-16\arch-arm\usr\include\math.h(24): 0: warning: "__pure2" redefined
   #define __pure2
   ^
  C:\NVPACK\android-ndk-r12b\platforms\android-16\arch-arm\usr\include\limits.h(38): includes this header: 0,
                   from C:/NVPACK/android-ndk-r12b/platforms/android-16/arch-arm/usr/include/wchar.h:31,
  EngineAndroid.cpp
                   from C:/NVPACK/android-ndk-r12b/sources/cxx-stl/gnu-libstdc++/4.9/include/cwchar:44,
                   from C:/NVPACK/android-ndk-r12b/sources/cxx-stl/gnu-libstdc++/4.9/include/bits/postypes.h:40,
                   from C:/NVPACK/android-ndk-r12b/sources/cxx-stl/gnu-libstdc++/4.9/include/bits/char_traits.h:40,
                   from C:/NVPACK/android-ndk-r12b/sources/cxx-stl/gnu-libstdc++/4.9/include/string:40,
                   from C:/Users/tervepaterve/Documents/GitHub/Android-Proju/android/build/../include/NvAppBase/NvPlatformContext.h:41,
                   from C:/Users/tervepaterve/Documents/GitHub/Android-Proju/android/build/../include/NvAppBase/NvInputHandler.h:39,
                   from C:/Users/tervepaterve/Documents/GitHub/Android-Proju/android/build/../include/NvAppBase/NvInputHandler_CameraFly.h:38,
  C:\Users\tervepaterve\Documents\GitHub\Android-Proju\android\build\from\src\NvAppBase\NvInputHandler_CameraFly.cpp(34): 
  C:\NVPACK\android-ndk-r12b\platforms\android-16\arch-arm\usr\include\sys\cdefs.h(198): 0: note: this is the location of the previous definition
   #define __pure2 __attribute__((__const__)) /* Android-added: used by FreeBSD libm */
   ^
  NvInputTransformer.cpp
  NvFramerateCounter.cpp
  NvSampleAppGL.cpp
  MainAndroid.cpp
  C:\Users\tervepaterve\Documents\GitHub\Android-Proju\android\include\NV\NvMath.h(62): includes this header: 0,
                   from C:/Users/tervepaterve/Documents/GitHub/Android-Proju/android/build/../include/NvAppBase/NvInputTransformer.h:42,
  C:\Users\tervepaterve\Documents\GitHub\Android-Proju\android\build\from\src\NvAppBase\NvInputTransformer.cpp(34): 
  C:\NVPACK\android-ndk-r12b\platforms\android-16\arch-arm\usr\include\math.h(24): 0: warning: "__pure2" redefined
   #define __pure2
   ^
  C:\NVPACK\android-ndk-r12b\platforms\android-16\arch-arm\usr\include\limits.h(38): includes this header: 0,
                   from C:/NVPACK/android-ndk-r12b/platforms/android-16/arch-arm/usr/include/wchar.h:31,
                   from C:/NVPACK/android-ndk-r12b/sources/cxx-stl/gnu-libstdc++/4.9/include/cwchar:44,
                   from C:/NVPACK/android-ndk-r12b/sources/cxx-stl/gnu-libstdc++/4.9/include/bits/postypes.h:40,
                   from C:/NVPACK/android-ndk-r12b/sources/cxx-stl/gnu-libstdc++/4.9/include/bits/char_traits.h:40,
                   from C:/NVPACK/android-ndk-r12b/sources/cxx-stl/gnu-libstdc++/4.9/include/string:40,
                   from C:/Users/tervepaterve/Documents/GitHub/Android-Proju/android/build/../include/NvAppBase/NvPlatformContext.h:41,
                   from C:/Users/tervepaterve/Documents/GitHub/Android-Proju/android/build/../include/NvAppBase/NvInputTransformer.h:40,
  C:\Users\tervepaterve\Documents\GitHub\Android-Proju\android\build\from\src\NvAppBase\NvInputTransformer.cpp(34): 
  C:\NVPACK\android-ndk-r12b\platforms\android-16\arch-arm\usr\include\sys\cdefs.h(198): 0: note: this is the location of the previous definition
   #define __pure2 __attribute__((__const__)) /* Android-added: used by FreeBSD libm */
   ^
  NvSampleApp.cpp
  C:\Users\tervepaterve\Documents\GitHub\Android-Proju\android\include\NvFoundation\NvMath.h(43): includes this header: 0,
                   from C:/Users/tervepaterve/Documents/GitHub/Android-Proju/android/build/../include/NV/NvVector.h:50,
                   from C:/Users/tervepaterve/Documents/GitHub/Android-Proju/android/build/../include/NvUI/NvUI.h:42,
                   from C:/Users/tervepaterve/Documents/GitHub/Android-Proju/android/build/../include/NvAppBase/NvSampleApp.h:48,
                   from C:/Users/tervepaterve/Documents/GitHub/Android-Proju/android/build/../include/NvAppBase/gl/NvSampleAppGL.h:41,
  C:\Users\tervepaterve\Documents\GitHub\Android-Proju\android\build\from\src\NvAppBase\gl\NvSampleAppGL.cpp(34): 
  C:\NVPACK\android-ndk-r12b\platforms\android-16\arch-arm\usr\include\math.h(24): 0: warning: "__pure2" redefined
   #define __pure2
   ^
  C:\NVPACK\android-ndk-r12b\platforms\android-16\arch-arm\usr\include\string.h(31): includes this header: 0,
                   from C:/Users/tervepaterve/Documents/GitHub/Android-Proju/android/build/../include/NvFoundation/Nv.h:40,
                   from C:/Users/tervepaterve/Documents/GitHub/Android-Proju/android/build/../include/NvFoundation/NvAssert.h:36,
                   from C:/Users/tervepaterve/Documents/GitHub/Android-Proju/android/build/../include/NvAppBase/NvSampleApp.h:40,
                   from C:/Users/tervepaterve/Documents/GitHub/Android-Proju/android/build/../include/NvAppBase/gl/NvSampleAppGL.h:41,
  C:\Users\tervepaterve\Documents\GitHub\Android-Proju\android\build\from\src\NvAppBase\gl\NvSampleAppGL.cpp(34): 
  C:\NVPACK\android-ndk-r12b\platforms\android-16\arch-arm\usr\include\sys\cdefs.h(198): 0: note: this is the location of the previous definition
   #define __pure2 __attribute__((__const__)) /* Android-added: used by FreeBSD libm */
   ^
  C:\Users\tervepaterve\Documents\GitHub\Android-Proju\android\include\NvFoundation\NvMath.h(43): includes this header: 0,
                   from C:/Users/tervepaterve/Documents/GitHub/Android-Proju/android/build/../include/NV/NvVector.h:50,
                   from C:/Users/tervepaterve/Documents/GitHub/Android-Proju/android/build/../include/NvUI/NvUI.h:42,
                   from C:/Users/tervepaterve/Documents/GitHub/Android-Proju/android/build/../include/NvAppBase/NvSampleApp.h:48,
  C:\Users\tervepaterve\Documents\GitHub\Android-Proju\android\build\from\src\NvAppBase\NvSampleApp.cpp(34): 
  C:\NVPACK\android-ndk-r12b\platforms\android-16\arch-arm\usr\include\math.h(24): 0: warning: "__pure2" redefined
   #define __pure2
   ^
  C:\NVPACK\android-ndk-r12b\platforms\android-16\arch-arm\usr\include\string.h(31): includes this header: 0,
                   from C:/Users/tervepaterve/Documents/GitHub/Android-Proju/android/build/../include/NvFoundation/Nv.h:40,
                   from C:/Users/tervepaterve/Documents/GitHub/Android-Proju/android/build/../include/NvFoundation/NvAssert.h:36,
                   from C:/Users/tervepaterve/Documents/GitHub/Android-Proju/android/build/../include/NvAppBase/NvSampleApp.h:40,
  C:\Users\tervepaterve\Documents\GitHub\Android-Proju\android\build\from\src\NvAppBase\NvSampleApp.cpp(34): 
  C:\NVPACK\android-ndk-r12b\platforms\android-16\arch-arm\usr\include\sys\cdefs.h(198): 0: note: this is the location of the previous definition
   #define __pure2 __attribute__((__const__)) /* Android-added: used by FreeBSD libm */
   ^
  NvAppBase.vcxproj -> C:\Users\tervepaterve\Documents\GitHub\Android-Proju\android\build\../lib/Tegra-Android\libNvAppBaseD.a
