  BatchRenderer2D.cpp
c:\users\aleksivay\documents\github\android-proju\myengine\renderer2d.h(4): fatal error C1083: Cannot open include file: 'GL\glew.h': No such file or directory
  buffer.cpp
c:\users\aleksivay\documents\github\android-proju\myengine\buffer.h(3): fatal error C1083: Cannot open include file: 'GL\glew.h': No such file or directory
  fileutils.cpp
c:\users\aleksivay\documents\github\android-proju\myengine\fileutils.h(6): fatal error C1083: Cannot open include file: 'stb_image.h': No such file or directory
  group.cpp
c:\users\aleksivay\documents\github\android-proju\myengine\Maths.h(17): warning C4244: 'return': conversion from 'double' to 'float', possible loss of data
c:\users\aleksivay\documents\github\android-proju\myengine\indexbuffer.h(3): fatal error C1083: Cannot open include file: 'GL\glew.h': No such file or directory
  indexbuffer.cpp
c:\users\aleksivay\documents\github\android-proju\myengine\indexbuffer.h(3): fatal error C1083: Cannot open include file: 'GL\glew.h': No such file or directory
  Label.cpp
c:\users\aleksivay\documents\github\android-proju\myengine\Maths.h(17): warning C4244: 'return': conversion from 'double' to 'float', possible loss of data
c:\users\aleksivay\documents\github\android-proju\myengine\indexbuffer.h(3): fatal error C1083: Cannot open include file: 'GL\glew.h': No such file or directory
  layer.cpp
c:\users\aleksivay\documents\github\android-proju\myengine\Maths.h(17): warning C4244: 'return': conversion from 'double' to 'float', possible loss of data
c:\users\aleksivay\documents\github\android-proju\myengine\indexbuffer.h(3): fatal error C1083: Cannot open include file: 'GL\glew.h': No such file or directory
  main.cpp
c:\users\aleksivay\documents\github\android-proju\myengine\window.h(5): fatal error C1083: Cannot open include file: 'GL\glew.h': No such file or directory
  mat4.cpp
c:\users\aleksivay\documents\github\android-proju\myengine\Maths.h(17): warning C4244: 'return': conversion from 'double' to 'float', possible loss of data
  simple2drenderer.cpp
c:\users\aleksivay\documents\github\android-proju\myengine\Maths.h(17): warning C4244: 'return': conversion from 'double' to 'float', possible loss of data
c:\users\aleksivay\documents\github\android-proju\myengine\indexbuffer.h(3): fatal error C1083: Cannot open include file: 'GL\glew.h': No such file or directory
  Shader.cpp
c:\users\aleksivay\documents\github\android-proju\myengine\fileutils.h(6): fatal error C1083: Cannot open include file: 'stb_image.h': No such file or directory
  sprite.cpp
c:\users\aleksivay\documents\github\android-proju\myengine\Maths.h(17): warning C4244: 'return': conversion from 'double' to 'float', possible loss of data
c:\users\aleksivay\documents\github\android-proju\myengine\indexbuffer.h(3): fatal error C1083: Cannot open include file: 'GL\glew.h': No such file or directory
  static_sprite.cpp
c:\users\aleksivay\documents\github\android-proju\myengine\Maths.h(17): warning C4244: 'return': conversion from 'double' to 'float', possible loss of data
c:\users\aleksivay\documents\github\android-proju\myengine\indexbuffer.h(3): fatal error C1083: Cannot open include file: 'GL\glew.h': No such file or directory
  texture.cpp
c:\users\aleksivay\documents\github\android-proju\myengine\texture.h(3): fatal error C1083: Cannot open include file: 'FreeImage.h': No such file or directory
  tilelayer.cpp
c:\users\aleksivay\documents\github\android-proju\myengine\Maths.h(17): warning C4244: 'return': conversion from 'double' to 'float', possible loss of data
c:\users\aleksivay\documents\github\android-proju\myengine\indexbuffer.h(3): fatal error C1083: Cannot open include file: 'GL\glew.h': No such file or directory
  vec2.cpp
  vec3.cpp
  vec4.cpp
  vertexarray.cpp
c:\users\aleksivay\documents\github\android-proju\myengine\vertexarray.h(4): fatal error C1083: Cannot open include file: 'GL\glew.h': No such file or directory
  window.cpp
c:\users\aleksivay\documents\github\android-proju\myengine\window.h(5): fatal error C1083: Cannot open include file: 'GL\glew.h': No such file or directory
