c:\users\alexi\source\repos\myengine\bin\debug\intermediates\vc141.pdb
c:\users\alexi\source\repos\myengine\bin\debug\intermediates\vc141.idb
c:\users\alexi\source\repos\myengine\bin\debug\intermediates\main.obj
c:\users\alexi\source\repos\myengine\bin\debug\intermediates\window.obj
c:\users\alexi\source\repos\myengine\bin\debug\intermediates\vec2.obj
c:\users\alexi\source\repos\myengine\bin\debug\intermediates\vec3.obj
c:\users\alexi\source\repos\myengine\bin\debug\intermediates\vec4.obj
c:\users\alexi\source\repos\myengine\bin\debug\intermediates\mat4.obj
c:\users\tervepaterve\downloads\myengine\bin\debug\intermediates\vc141.pdb
c:\users\tervepaterve\downloads\myengine\bin\debug\intermediates\vc141.idb
c:\users\tervepaterve\downloads\myengine\bin\debug\intermediates\mat4.obj
c:\users\tervepaterve\downloads\myengine\bin\debug\intermediates\vec2.obj
c:\users\tervepaterve\downloads\myengine\bin\debug\intermediates\vec3.obj
c:\users\tervepaterve\downloads\myengine\bin\debug\intermediates\vec4.obj
c:\users\alexi\source\repos\myengine\bin\debug\myengine.exe
c:\users\alexi\source\repos\myengine\bin\debug\myengine.ilk
c:\users\alexi\source\repos\myengine\bin\debug\myengine.pdb
c:\users\tervepaterve\downloads\myengine\bin\debug\intermediates\main.obj.enc
c:\users\tervepaterve\downloads\myengine\bin\debug\myengine.pdb
c:\users\tervepaterve\downloads\myengine\bin\debug\myengine.exe
c:\users\tervepaterve\downloads\myengine\bin\debug\myengine.ilk
c:\users\tervepaterve\downloads\myengine\bin\debug\intermediates\myengine.tlog\cl.command.1.tlog
c:\users\tervepaterve\downloads\myengine\bin\debug\intermediates\myengine.tlog\cl.read.1.tlog
c:\users\tervepaterve\downloads\myengine\bin\debug\intermediates\myengine.tlog\cl.write.1.tlog
c:\users\tervepaterve\downloads\myengine\bin\debug\intermediates\myengine.tlog\link.command.1.tlog
c:\users\tervepaterve\downloads\myengine\bin\debug\intermediates\myengine.tlog\link.read.1.tlog
c:\users\tervepaterve\downloads\myengine\bin\debug\intermediates\myengine.tlog\link.write.1.tlog
