  NvModel.cpp
  NvModelExtBin.cpp
  NvModelExtObj.cpp
  NvModelObj.cpp
  C:\Users\tervepaterve\Documents\GitHub\Android-Proju\android\include\NV\NvMath.h(62): includes this header: 0,
                   from C:/Users/tervepaterve/Documents/GitHub/Android-Proju/android/build/../include/NvModel/NvModel.h:42,
  C:\Users\tervepaterve\Documents\GitHub\Android-Proju\android\build\from\src\NvModel\NvModel.cpp(35): 
  C:\NVPACK\android-ndk-r12b\platforms\android-16\arch-arm\usr\include\math.h(24): 0: warning: "__pure2" redefined
   #define __pure2
   ^
  C:\NVPACK\android-ndk-r12b\platforms\android-16\arch-arm\usr\include\math.h(20): includes this header: 0,
                   from C:/Users/tervepaterve/Documents/GitHub/Android-Proju/android/build/../include/NV/NvMath.h:62,
                   from C:/Users/tervepaterve/Documents/GitHub/Android-Proju/android/build/../include/NvModel/NvModel.h:42,
  C:\Users\tervepaterve\Documents\GitHub\Android-Proju\android\build\from\src\NvModel\NvModel.cpp(35): 
  C:\NVPACK\android-ndk-r12b\platforms\android-16\arch-arm\usr\include\sys\cdefs.h(198): 0: note: this is the location of the previous definition
   #define __pure2 __attribute__((__const__)) /* Android-added: used by FreeBSD libm */
   ^
  NvModelExt.cpp
  C:\Users\tervepaterve\Documents\GitHub\Android-Proju\android\include\NV\NvMath.h(62): includes this header: 0,
                   from C:/Users/tervepaterve/Documents/GitHub/Android-Proju/android/build/../include/NvModel/NvModelExt.h:37,
                   from ../src/NvModel/NvModelExtObj.h:37,
  C:\Users\tervepaterve\Documents\GitHub\Android-Proju\android\build\from\src\NvModel\NvModelExtObj.cpp(34): 
  C:\NVPACK\android-ndk-r12b\platforms\android-16\arch-arm\usr\include\math.h(24): 0: warning: "__pure2" redefined
   #define __pure2
   ^
  C:\NVPACK\android-ndk-r12b\platforms\android-16\arch-arm\usr\include\math.h(20): includes this header: 0,
                   from C:/Users/tervepaterve/Documents/GitHub/Android-Proju/android/build/../include/NV/NvMath.h:62,
                   from C:/Users/tervepaterve/Documents/GitHub/Android-Proju/android/build/../include/NvModel/NvModelExt.h:37,
                   from ../src/NvModel/NvModelExtObj.h:37,
  C:\Users\tervepaterve\Documents\GitHub\Android-Proju\android\build\from\src\NvModel\NvModelExtObj.cpp(34): 
  C:\NVPACK\android-ndk-r12b\platforms\android-16\arch-arm\usr\include\sys\cdefs.h(198): 0: note: this is the location of the previous definition
   #define __pure2 __attribute__((__const__)) /* Android-added: used by FreeBSD libm */
   ^
  NvModelMeshFace.cpp
  C:\Users\tervepaterve\Documents\GitHub\Android-Proju\android\include\NV\NvMath.h(62): includes this header: 0,
                   from C:/Users/tervepaterve/Documents/GitHub/Android-Proju/android/build/../include/NvModel/NvModelExt.h:37,
  C:\Users\tervepaterve\Documents\GitHub\Android-Proju\android\build\from\src\NvModel\NvModelExtBin.cpp(34): 
  C:\NVPACK\android-ndk-r12b\platforms\android-16\arch-arm\usr\include\math.h(24): 0: warning: "__pure2" redefined
   #define __pure2
   ^
  C:\NVPACK\android-ndk-r12b\platforms\android-16\arch-arm\usr\include\math.h(20): includes this header: 0,
                   from C:/Users/tervepaterve/Documents/GitHub/Android-Proju/android/build/../include/NV/NvMath.h:62,
                   from C:/Users/tervepaterve/Documents/GitHub/Android-Proju/android/build/../include/NvModel/NvModelExt.h:37,
  C:\Users\tervepaterve\Documents\GitHub\Android-Proju\android\build\from\src\NvModel\NvModelExtBin.cpp(34): 
  C:\NVPACK\android-ndk-r12b\platforms\android-16\arch-arm\usr\include\sys\cdefs.h(198): 0: note: this is the location of the previous definition
   #define __pure2 __attribute__((__const__)) /* Android-added: used by FreeBSD libm */
   ^
  NvModelExtBuilder.cpp
  C:\Users\tervepaterve\Documents\GitHub\Android-Proju\android\include\NV\NvMath.h(62): includes this header: 0,
                   from C:/Users/tervepaterve/Documents/GitHub/Android-Proju/android/build/../include/NvModel/NvModelExt.h:37,
  C:\Users\tervepaterve\Documents\GitHub\Android-Proju\android\build\from\src\NvModel\NvModelExt.cpp(34): 
  C:\NVPACK\android-ndk-r12b\platforms\android-16\arch-arm\usr\include\math.h(24): 0: warning: "__pure2" redefined
   #define __pure2
   ^
  C:\NVPACK\android-ndk-r12b\platforms\android-16\arch-arm\usr\include\math.h(20): includes this header: 0,
                   from C:/Users/tervepaterve/Documents/GitHub/Android-Proju/android/build/../include/NV/NvMath.h:62,
                   from C:/Users/tervepaterve/Documents/GitHub/Android-Proju/android/build/../include/NvModel/NvModelExt.h:37,
  C:\Users\tervepaterve\Documents\GitHub\Android-Proju\android\build\from\src\NvModel\NvModelExt.cpp(34): 
  C:\NVPACK\android-ndk-r12b\platforms\android-16\arch-arm\usr\include\sys\cdefs.h(198): 0: note: this is the location of the previous definition
   #define __pure2 __attribute__((__const__)) /* Android-added: used by FreeBSD libm */
   ^
  NvModelSubMeshObj.cpp
  C:\Users\tervepaterve\Documents\GitHub\Android-Proju\android\include\NV\NvMath.h(62): includes this header: 0,
                   from C:/Users/tervepaterve/Documents/GitHub/Android-Proju/android/build/../include/NvModel/NvModel.h:42,
                   from ../src/NvModel/NvModelObj.h:41,
  C:\Users\tervepaterve\Documents\GitHub\Android-Proju\android\build\from\src\NvModel\NvModelObj.cpp(35): 
  C:\NVPACK\android-ndk-r12b\platforms\android-16\arch-arm\usr\include\math.h(24): 0: warning: "__pure2" redefined
   #define __pure2
   ^
  C:\NVPACK\android-ndk-r12b\platforms\android-16\arch-arm\usr\include\math.h(20): includes this header: 0,
                   from C:/Users/tervepaterve/Documents/GitHub/Android-Proju/android/build/../include/NV/NvMath.h:62,
                   from C:/Users/tervepaterve/Documents/GitHub/Android-Proju/android/build/../include/NvModel/NvModel.h:42,
                   from ../src/NvModel/NvModelObj.h:41,
  C:\Users\tervepaterve\Documents\GitHub\Android-Proju\android\build\from\src\NvModel\NvModelObj.cpp(35): 
  C:\NVPACK\android-ndk-r12b\platforms\android-16\arch-arm\usr\include\sys\cdefs.h(198): 0: note: this is the location of the previous definition
   #define __pure2 __attribute__((__const__)) /* Android-added: used by FreeBSD libm */
   ^
  NvSkeleton.cpp
  C:\Users\tervepaterve\Documents\GitHub\Android-Proju\android\include\NV\NvMath.h(62): includes this header: 0,
                   from C:/Users/tervepaterve/Documents/GitHub/Android-Proju/android/build/../include/NvModel/NvModelExt.h:37,
  C:\Users\tervepaterve\Documents\GitHub\Android-Proju\android\build\from\src\NvModel\NvModelMeshFace.cpp(35): 
  C:\NVPACK\android-ndk-r12b\platforms\android-16\arch-arm\usr\include\math.h(24): 0: warning: "__pure2" redefined
   #define __pure2
   ^
  C:\NVPACK\android-ndk-r12b\platforms\android-16\arch-arm\usr\include\math.h(20): includes this header: 0,
                   from C:/Users/tervepaterve/Documents/GitHub/Android-Proju/android/build/../include/NV/NvMath.h:62,
                   from C:/Users/tervepaterve/Documents/GitHub/Android-Proju/android/build/../include/NvModel/NvModelExt.h:37,
  C:\Users\tervepaterve\Documents\GitHub\Android-Proju\android\build\from\src\NvModel\NvModelMeshFace.cpp(35): 
  C:\NVPACK\android-ndk-r12b\platforms\android-16\arch-arm\usr\include\sys\cdefs.h(198): 0: note: this is the location of the previous definition
   #define __pure2 __attribute__((__const__)) /* Android-added: used by FreeBSD libm */
   ^
  C:\Users\tervepaterve\Documents\GitHub\Android-Proju\android\include\NV\NvMath.h(62): includes this header: 0,
                   from C:/Users/tervepaterve/Documents/GitHub/Android-Proju/android/build/../include/NvModel/NvModelExt.h:37,
                   from C:/Users/tervepaterve/Documents/GitHub/Android-Proju/android/build/../include/NvModel/NvModelExtBuilder.h:37,
  C:\Users\tervepaterve\Documents\GitHub\Android-Proju\android\build\from\src\NvModel\NvModelExtBuilder.cpp(34): 
  C:\NVPACK\android-ndk-r12b\platforms\android-16\arch-arm\usr\include\math.h(24): 0: warning: "__pure2" redefined
   #define __pure2
   ^
  C:\NVPACK\android-ndk-r12b\platforms\android-16\arch-arm\usr\include\math.h(20): includes this header: 0,
                   from C:/Users/tervepaterve/Documents/GitHub/Android-Proju/android/build/../include/NV/NvMath.h:62,
                   from C:/Users/tervepaterve/Documents/GitHub/Android-Proju/android/build/../include/NvModel/NvModelExt.h:37,
                   from C:/Users/tervepaterve/Documents/GitHub/Android-Proju/android/build/../include/NvModel/NvModelExtBuilder.h:37,
  C:\Users\tervepaterve\Documents\GitHub\Android-Proju\android\build\from\src\NvModel\NvModelExtBuilder.cpp(34): 
  C:\NVPACK\android-ndk-r12b\platforms\android-16\arch-arm\usr\include\sys\cdefs.h(198): 0: note: this is the location of the previous definition
   #define __pure2 __attribute__((__const__)) /* Android-added: used by FreeBSD libm */
   ^
  C:\Users\tervepaterve\Documents\GitHub\Android-Proju\android\include\NV\NvMath.h(62): includes this header: 0,
                   from C:/Users/tervepaterve/Documents/GitHub/Android-Proju/android/build/../include/NvModel/NvModelSubMesh.h:38,
                   from ../src/NvModel/NvModelSubMeshObj.h:38,
  C:\Users\tervepaterve\Documents\GitHub\Android-Proju\android\build\from\src\NvModel\NvModelSubMeshObj.cpp(34): 
  C:\NVPACK\android-ndk-r12b\platforms\android-16\arch-arm\usr\include\math.h(24): 0: warning: "__pure2" redefined
   #define __pure2
   ^
  C:\NVPACK\android-ndk-r12b\platforms\android-16\arch-arm\usr\include\math.h(20): includes this header: 0,
                   from C:/Users/tervepaterve/Documents/GitHub/Android-Proju/android/build/../include/NV/NvMath.h:62,
                   from C:/Users/tervepaterve/Documents/GitHub/Android-Proju/android/build/../include/NvModel/NvModelSubMesh.h:38,
                   from ../src/NvModel/NvModelSubMeshObj.h:38,
  C:\Users\tervepaterve\Documents\GitHub\Android-Proju\android\build\from\src\NvModel\NvModelSubMeshObj.cpp(34): 
  C:\NVPACK\android-ndk-r12b\platforms\android-16\arch-arm\usr\include\sys\cdefs.h(198): 0: note: this is the location of the previous definition
   #define __pure2 __attribute__((__const__)) /* Android-added: used by FreeBSD libm */
   ^
  C:\Users\tervepaterve\Documents\GitHub\Android-Proju\android\include\NV\NvMath.h(62): includes this header: 0,
                   from C:/Users/tervepaterve/Documents/GitHub/Android-Proju/android/build/../include/NvModel/NvSkeleton.h:37,
  C:\Users\tervepaterve\Documents\GitHub\Android-Proju\android\build\from\src\NvModel\NvSkeleton.cpp(34): 
  C:\NVPACK\android-ndk-r12b\platforms\android-16\arch-arm\usr\include\math.h(24): 0: warning: "__pure2" redefined
   #define __pure2
   ^
  C:\NVPACK\android-ndk-r12b\platforms\android-16\arch-arm\usr\include\math.h(20): includes this header: 0,
                   from C:/Users/tervepaterve/Documents/GitHub/Android-Proju/android/build/../include/NV/NvMath.h:62,
                   from C:/Users/tervepaterve/Documents/GitHub/Android-Proju/android/build/../include/NvModel/NvSkeleton.h:37,
  C:\Users\tervepaterve\Documents\GitHub\Android-Proju\android\build\from\src\NvModel\NvSkeleton.cpp(34): 
  C:\NVPACK\android-ndk-r12b\platforms\android-16\arch-arm\usr\include\sys\cdefs.h(198): 0: note: this is the location of the previous definition
   #define __pure2 __attribute__((__const__)) /* Android-added: used by FreeBSD libm */
   ^
  NvModel.vcxproj -> C:\Users\tervepaterve\Documents\GitHub\Android-Proju\android\build\../lib/Tegra-Android\libNvModelD.a
